<?xml version="1.0" encoding="UTF-8" ?>
<testsuite failures="1" time="498.526" errors="0" skipped="0" tests="2" name="TestSuite">
  <properties>
    <property name="java.runtime.name" value="Java(TM) SE Runtime Environment"/>
    <property name="sun.boot.library.path" value="C:\Bluefin_StartUp_Kit\jdk1.6.0_21\jre\bin"/>
    <property name="java.vm.version" value="17.0-b17"/>
    <property name="java.vm.vendor" value="Sun Microsystems Inc."/>
    <property name="java.vendor.url" value="http://java.sun.com/"/>
    <property name="path.separator" value=";"/>
    <property name="java.vm.name" value="Java HotSpot(TM) Client VM"/>
    <property name="file.encoding.pkg" value="sun.io"/>
    <property name="user.country" value="CN"/>
    <property name="sun.java.launcher" value="SUN_STANDARD"/>
    <property name="sun.os.patch.level" value="Service Pack 1"/>
    <property name="java.vm.specification.name" value="Java Virtual Machine Specification"/>
    <property name="user.dir" value="C:\Users\yingding\git\MintPPHTests"/>
    <property name="java.runtime.version" value="1.6.0_21-b07"/>
    <property name="java.awt.graphicsenv" value="sun.awt.Win32GraphicsEnvironment"/>
    <property name="basedir" value="C:\Users\yingding\git\MintPPHTests"/>
    <property name="java.endorsed.dirs" value="C:\Bluefin_StartUp_Kit\jdk1.6.0_21\jre\lib\endorsed"/>
    <property name="os.arch" value="x86"/>
    <property name="surefire.real.class.path" value="C:\Users\yingding\AppData\Local\Temp\surefirebooter2384832675733213667.jar"/>
    <property name="java.io.tmpdir" value="C:\Users\yingding\AppData\Local\Temp\"/>
    <property name="line.separator" value="
"/>
    <property name="java.vm.specification.vendor" value="Sun Microsystems Inc."/>
    <property name="user.variant" value=""/>
    <property name="os.name" value="Windows 7"/>
    <property name="sun.jnu.encoding" value="GBK"/>
    <property name="java.library.path" value="C:\Bluefin_StartUp_Kit\jdk1.6.0_21\jre\bin;.;C:\WINDOWS\Sun\Java\bin;C:\WINDOWS\system32;C:\WINDOWS;C:\Bluefin_StartUp_Kit\jdk1.6.0_21\jre\bin;C:\Bluefin_StartUp_Kit\jdk1.6.0_21\bin;C:\Bluefin_StartUp_Kit\maven\bin;C:\Bluefin_StartUp_Kit\cygwin\bin;C:\Program Files\Common Files\Microsoft Shared\Windows Live;C:\Program Files (x86)\Common Files\Microsoft Shared\Windows Live;C:\PERL51001\Perl\site\bin;C:\PERL51001\Perl\bin;C:\WINDOWS\system32;C:\WINDOWS;C:\WINDOWS\System32\Wbem;C:\WINDOWS\System32\WindowsPowerShell\v1.0\;C:\Program Files (x86)\Microsoft Application Virtualization Client;C:\Program Files (x86)\Perforce;C:\Program Files (x86)\Windows Live\Shared;C:\worktools\Bluefin_StartUp_Kit_64_Bit\StartUpKit\maven\bin;C:\Program Files\TortoiseSVN\bin;C:\Bluefin_StartUp_Kit\jdk1.6.0_21\bin"/>
    <property name="surefire.test.class.path" value="C:\Users\yingding\git\MintPPHTests\target\test-classes;C:\Users\yingding\git\MintPPHTests\target\classes;C:\repository\com\paypal\test\bluefin\Bluefin-GUI\0.4.0\Bluefin-GUI-0.4.0.jar;C:\repository\com\paypal\test\bluefin\Bluefin-Core\0.4.0\Bluefin-Core-0.4.0.jar;C:\repository\com\paypal\test\Jaws\1.1.0\Jaws-1.1.0.jar;C:\repository\com\paypal\test\JawsVOXValueObjects\1.1\JawsVOXValueObjects-1.1.jar;C:\repository\xerces\xercesImpl\2.9.1\xercesImpl-2.9.1.jar;C:\repository\xml-apis\xml-apis\1.3.04\xml-apis-1.3.04.jar;C:\repository\org\apache\velocity\velocity\1.6.3\velocity-1.6.3.jar;C:\repository\commons-collections\commons-collections\3.2.1\commons-collections-3.2.1.jar;C:\repository\commons-lang\commons-lang\2.5\commons-lang-2.5.jar;C:\repository\com\paypal\infra\thirdparty\ojdbc5\11.2.0.2.0\ojdbc5-11.2.0.2.0.jar;C:\repository\commons-configuration\commons-configuration\1.6\commons-configuration-1.6.jar;C:\repository\commons-logging\commons-logging\1.1.1\commons-logging-1.1.1.jar;C:\repository\commons-digester\commons-digester\1.8\commons-digester-1.8.jar;C:\repository\commons-beanutils\commons-beanutils\1.8.3\commons-beanutils-1.8.3.jar;C:\repository\commons-beanutils\commons-beanutils-core\1.8.0\commons-beanutils-core-1.8.0.jar;C:\repository\commons-io\commons-io\2.0\commons-io-2.0.jar;C:\repository\org\apache\httpcomponents\httpclient\4.1.2\httpclient-4.1.2.jar;C:\repository\org\apache\httpcomponents\httpcore\4.1.4\httpcore-4.1.4.jar;C:\repository\commons-codec\commons-codec\1.6\commons-codec-1.6.jar;C:\repository\com\paypal\sdk\paypal_stubs\4.3.63\paypal_stubs-4.3.63.jar;C:\repository\javax\activation\activation\1.1\activation-1.1.jar;C:\repository\axis\axis\1.4\axis-1.4.jar;C:\repository\org\apache\axis\axis-jaxrpc\1.4\axis-jaxrpc-1.4.jar;C:\repository\org\apache\axis\axis-saaj\1.4\axis-saaj-1.4.jar;C:\repository\axis\axis-wsdl4j\1.5.1\axis-wsdl4j-1.5.1.jar;C:\repository\commons-discovery\commons-discovery\0.2\commons-discovery-0.2.jar;C:\repository\org\apache\axis\axis-ant\1.4\axis-ant-1.4.jar;C:\repository\axis\axis-schema\1.3\axis-schema-1.3.jar;C:\repository\javax\xml\jaxrpc-api\1.1\jaxrpc-api-1.1.jar;C:\repository\log4j\log4j\1.2.16\log4j-1.2.16.jar;C:\repository\javax\mail\mail\1.4\mail-1.4.jar;C:\repository\javax\xml\soap\saaj-api\1.3\saaj-api-1.3.jar;C:\repository\wsdl4j\wsdl4j\1.6.2\wsdl4j-1.6.2.jar;C:\repository\xstream\xstream\1.1.3\xstream-1.1.3.jar;C:\repository\com\paypal\sdk\paypal_base\4.3.63\paypal_base-4.3.63.jar;C:\repository\org\supercsv\supercsv\1.52\supercsv-1.52.jar;C:\repository\net\schmizz\sshj\0.6.0\sshj-0.6.0.jar;C:\repository\org\slf4j\slf4j-api\1.6.1\slf4j-api-1.6.1.jar;C:\repository\org\bouncycastle\bcprov-jdk15\1.46\bcprov-jdk15-1.46.jar;C:\repository\org\slf4j\slf4j-jdk14\1.6.1\slf4j-jdk14-1.6.1.jar;C:\repository\org\json\json\20090211\json-20090211.jar;C:\repository\com\paypal\test\qi\web-services-GenesisWeb\1.0\web-services-GenesisWeb-1.0.jar;C:\repository\com\paypal\test\qi\web-services-CalSearch\1.0\web-services-CalSearch-1.0.jar;C:\repository\com\paypal\test\qi\web-services-EZTracker\1.0\web-services-EZTracker-1.0.jar;C:\repository\oro\oro\2.0.8\oro-2.0.8.jar;C:\repository\org\testng\testng\6.8\testng-6.8.jar;C:\repository\junit\junit\4.10\junit-4.10.jar;C:\repository\org\beanshell\bsh\2.0b4\bsh-2.0b4.jar;C:\repository\com\beust\jcommander\1.27\jcommander-1.27.jar;C:\repository\org\yaml\snakeyaml\1.8\snakeyaml-1.8.jar;C:\repository\org\apache\poi\ooxml-schemas\1.0\ooxml-schemas-1.0.jar;C:\repository\org\apache\poi\poi-ooxml\3.6\poi-ooxml-3.6.jar;C:\repository\org\apache\poi\poi\3.6\poi-3.6.jar;C:\repository\org\apache\poi\poi-ooxml-schemas\3.6\poi-ooxml-schemas-3.6.jar;C:\repository\org\apache\xmlbeans\xmlbeans\2.3.0\xmlbeans-2.3.0.jar;C:\repository\stax\stax-api\1.0.1\stax-api-1.0.1.jar;C:\repository\org\apache\geronimo\specs\geronimo-stax-api_1.0_spec\1.0.1\geronimo-stax-api_1.0_spec-1.0.1.jar;C:\repository\dom4j\dom4j\1.6.1\dom4j-1.6.1.jar;C:\repository\javax\persistence\persistence-api\1.0\persistence-api-1.0.jar;C:\repository\org\seleniumhq\selenium\selenium-server\2.21.0\selenium-server-2.21.0.jar;C:\repository\org\bouncycastle\bcprov-jdk15on\1.47\bcprov-jdk15on-1.47.jar;C:\repository\mx4j\mx4j-tools\3.0.1\mx4j-tools-3.0.1.jar;C:\repository\org\mortbay\jetty\servlet-api-2.5\6.1.9\servlet-api-2.5-6.1.9.jar;C:\repository\org\seleniumhq\selenium\jetty-repacked\7.6.1\jetty-repacked-7.6.1.jar;C:\repository\net\jcip\jcip-annotations\1.0\jcip-annotations-1.0.jar;C:\repository\org\seleniumhq\selenium\selenium-java\2.21.0\selenium-java-2.21.0.jar;C:\repository\org\seleniumhq\selenium\selenium-android-driver\2.21.0\selenium-android-driver-2.21.0.jar;C:\repository\org\seleniumhq\selenium\selenium-remote-driver\2.21.0\selenium-remote-driver-2.21.0.jar;C:\repository\cglib\cglib-nodep\2.1_3\cglib-nodep-2.1_3.jar;C:\repository\org\seleniumhq\selenium\selenium-api\2.21.0\selenium-api-2.21.0.jar;C:\repository\com\google\guava\guava\11.0.1\guava-11.0.1.jar;C:\repository\com\google\code\findbugs\jsr305\1.3.9\jsr305-1.3.9.jar;C:\repository\org\apache\commons\commons-exec\1.1\commons-exec-1.1.jar;C:\repository\net\java\dev\jna\jna\3.4.0\jna-3.4.0.jar;C:\repository\net\java\dev\jna\platform\3.4.0\platform-3.4.0.jar;C:\repository\org\seleniumhq\selenium\selenium-chrome-driver\2.21.0\selenium-chrome-driver-2.21.0.jar;C:\repository\org\seleniumhq\selenium\selenium-htmlunit-driver\2.21.0\selenium-htmlunit-driver-2.21.0.jar;C:\repository\net\sourceforge\htmlunit\htmlunit\2.9\htmlunit-2.9.jar;C:\repository\xalan\xalan\2.7.0\xalan-2.7.0.jar;C:\repository\org\apache\httpcomponents\httpmime\4.1.2\httpmime-4.1.2.jar;C:\repository\net\sourceforge\htmlunit\htmlunit-core-js\2.9\htmlunit-core-js-2.9.jar;C:\repository\net\sourceforge\nekohtml\nekohtml\1.9.15\nekohtml-1.9.15.jar;C:\repository\net\sourceforge\cssparser\cssparser\0.9.5\cssparser-0.9.5.jar;C:\repository\org\w3c\css\sac\1.3\sac-1.3.jar;C:\repository\org\seleniumhq\selenium\selenium-firefox-driver\2.21.0\selenium-firefox-driver-2.21.0.jar;C:\repository\org\seleniumhq\selenium\selenium-ie-driver\2.21.0\selenium-ie-driver-2.21.0.jar;C:\repository\org\seleniumhq\selenium\selenium-iphone-driver\2.21.0\selenium-iphone-driver-2.21.0.jar;C:\repository\org\seleniumhq\selenium\selenium-safari-driver\2.21.0\selenium-safari-driver-2.21.0.jar;C:\repository\org\webbitserver\webbit\0.4.6\webbit-0.4.6.jar;C:\repository\org\jboss\netty\netty\3.2.7.Final\netty-3.2.7.Final.jar;C:\repository\org\seleniumhq\selenium\selenium-support\2.21.0\selenium-support-2.21.0.jar;C:\repository\org\mortbay\jetty\jetty-runner\7.4.4.v20110707\jetty-runner-7.4.4.v20110707.jar;C:\repository\org\eclipse\jetty\jetty-webapp\7.4.4.v20110707\jetty-webapp-7.4.4.v20110707.jar;C:\repository\org\eclipse\jetty\jetty-xml\7.4.4.v20110707\jetty-xml-7.4.4.v20110707.jar;C:\repository\org\eclipse\jetty\jetty-util\7.4.4.v20110707\jetty-util-7.4.4.v20110707.jar;C:\repository\org\eclipse\jetty\jetty-servlet\7.4.4.v20110707\jetty-servlet-7.4.4.v20110707.jar;C:\repository\org\eclipse\jetty\jetty-security\7.4.4.v20110707\jetty-security-7.4.4.v20110707.jar;C:\repository\org\eclipse\jetty\jetty-server\7.4.4.v20110707\jetty-server-7.4.4.v20110707.jar;C:\repository\javax\servlet\servlet-api\2.3\servlet-api-2.3.jar;C:\repository\org\eclipse\jetty\jetty-continuation\7.4.4.v20110707\jetty-continuation-7.4.4.v20110707.jar;C:\repository\org\eclipse\jetty\jetty-http\7.4.4.v20110707\jetty-http-7.4.4.v20110707.jar;C:\repository\org\eclipse\jetty\jetty-io\7.4.4.v20110707\jetty-io-7.4.4.v20110707.jar;C:\repository\org\eclipse\jetty\jetty-plus\7.4.4.v20110707\jetty-plus-7.4.4.v20110707.jar;C:\repository\org\apache\geronimo\specs\geronimo-jta_1.1_spec\1.1\geronimo-jta_1.1_spec-1.1.jar;C:\repository\org\eclipse\jetty\jetty-jndi\7.4.4.v20110707\jetty-jndi-7.4.4.v20110707.jar;C:\repository\org\mortbay\jetty\jsp-2.1-glassfish\2.1.v20100127\jsp-2.1-glassfish-2.1.v20100127.jar;C:\repository\org\eclipse\jdt\core\compiler\ecj\3.5.1\ecj-3.5.1.jar;C:\repository\org\mortbay\jetty\jsp-api-2.1-glassfish\2.1.v20100127\jsp-api-2.1-glassfish-2.1.v20100127.jar;C:\repository\ant\ant\1.6.5\ant-1.6.5.jar;C:\repository\javax\transaction\jta\1.1\jta-1.1.jar;C:\repository\com\paypal\test\platypus\Platypus\0.0.2-SNAPSHOT\Platypus-0.0.2-SNAPSHOT.jar;C:\repository\org\jsoup\jsoup\1.6.1\jsoup-1.6.1.jar;C:\repository\com\sun\xml\ws\webservices-rt\2.0\webservices-rt-2.0.jar;C:\repository\javax\xml\webservices-api\2.0\webservices-api-2.0.jar;C:\repository\org\springframework\spring-core\3.0.5.RELEASE\spring-core-3.0.5.RELEASE.jar;C:\repository\org\springframework\spring-asm\3.0.5.RELEASE\spring-asm-3.0.5.RELEASE.jar;C:\repository\org\springframework\spring-expression\3.0.5.RELEASE\spring-expression-3.0.5.RELEASE.jar;C:\repository\org\springframework\spring-beans\3.0.5.RELEASE\spring-beans-3.0.5.RELEASE.jar;C:\repository\org\springframework\spring-aop\3.0.5.RELEASE\spring-aop-3.0.5.RELEASE.jar;C:\repository\aopalliance\aopalliance\1.0\aopalliance-1.0.jar;C:\repository\org\springframework\spring-context\3.0.5.RELEASE\spring-context-3.0.5.RELEASE.jar;C:\repository\org\springframework\spring-context-support\3.0.5.RELEASE\spring-context-support-3.0.5.RELEASE.jar;C:\repository\org\springframework\spring-tx\3.0.5.RELEASE\spring-tx-3.0.5.RELEASE.jar;C:\repository\org\springframework\spring-jdbc\3.0.5.RELEASE\spring-jdbc-3.0.5.RELEASE.jar;C:\repository\org\springframework\spring-orm\3.0.5.RELEASE\spring-orm-3.0.5.RELEASE.jar;C:\repository\org\springframework\spring-oxm\3.0.5.RELEASE\spring-oxm-3.0.5.RELEASE.jar;C:\repository\org\springframework\spring-web\3.0.5.RELEASE\spring-web-3.0.5.RELEASE.jar;C:\repository\org\springframework\spring-webmvc\3.0.5.RELEASE\spring-webmvc-3.0.5.RELEASE.jar;C:\repository\org\springframework\spring-webmvc-portlet\3.0.5.RELEASE\spring-webmvc-portlet-3.0.5.RELEASE.jar;C:\repository\org\hamcrest\hamcrest-core\1.1\hamcrest-core-1.1.jar;C:\repository\com\jcraft\jsch\0.1.44-1\jsch-0.1.44-1.jar;C:\repository\org\jdom\jdom\1.1\jdom-1.1.jar;C:\repository\org\apache\activemq\activemq-all\5.5.0\activemq-all-5.5.0.jar;C:\repository\com\paypal\risk\idi\idi-common\1.43\idi-common-1.43.jar;C:\repository\com\ebay\kernel\KernelDAL\1.63.2.1.451\KernelDAL-1.63.2.1.451.jar;C:\repository\com\ebay\kernel\uKernelCore\2.0.451\uKernelCore-2.0.451.jar;C:\repository\com\ebay\kernel\uKernel\2.0.451.451\uKernel-2.0.451.451.jar;C:\repository\com\ebay\utils\socket-interceptor\1.0.3\socket-interceptor-1.0.3.jar;C:\repository\com\ebay\external\ahc\1.0-e8\ahc-1.0-e8.jar;C:\repository\com\ebay\external\mina\mina-core-1.1.7\1.1.7\mina-core-1.1.7-1.1.7.jar;C:\repository\com\ebay\external\mina\mina-filter-ssl-1.1.7\1.1.7\mina-filter-ssl-1.1.7-1.1.7.jar;C:\repository\com\ebay\external\commons-codec\1.3\commons-codec-1.3.jar;C:\repository\com\ebay\external\mail\geronimo-activation_1.1_spec-1.0\1.4\geronimo-activation_1.1_spec-1.0-1.4.jar;C:\repository\com\ebay\external\mail\geronimo-javamail_1.4_mail-1.2\1.4\geronimo-javamail_1.4_mail-1.2-1.4.jar;C:\repository\com\ebay\external\mail\geronimo-activation-2.0.1\1.4\geronimo-activation-2.0.1-1.4.jar;C:\repository\com\ebay\external\servlet-api\2.4\servlet-api-2.4.jar;C:\repository\com\ebay\external\jsp-api\2.0\jsp-api-2.0.jar;C:\repository\com\ebay\external\ucirrus-db\0.5.4.451\ucirrus-db-0.5.4.451.jar;C:\repository\com\ebay\external\jdom\b9\jdom-b9.jar;C:\repository\com\ebay\external\xml\2.7.1\xml-2.7.1.jar;C:\repository\com\ebay\external\jpa\1.0\jpa-1.0.jar;C:\repository\hsqldb\hsqldb\1.7.3.3\hsqldb-1.7.3.3.jar;C:\repository\com\paypal\foundation\foundation-core\5.0.0\foundation-core-5.0.0.jar;C:\repository\com\paypal\infra\infra\12.2.1\infra-12.2.1.jar;C:\repository\com\paypal\infra\infra-core\12.2.0\infra-core-12.2.0.jar;C:\repository\uk\com\robust-it\cloning\1.7.4\cloning-1.7.4.jar;C:\repository\org\objenesis\objenesis\1.2\objenesis-1.2.jar;C:\repository\com\paypal\appsecurity\infra-protected-pkg\1.3.8\infra-protected-pkg-1.3.8.jar;C:\repository\com\paypal\appsecurity\infra-crypto\1.3\infra-crypto-1.3.jar;C:\repository\com\paypal\appsecurity\infra-jsse\1.3.1\infra-jsse-1.3.1.jar;C:\repository\com\ebay\ebox\infrastructure\EboxBatchFwk\4.5.1.451\EboxBatchFwk-4.5.1.451.jar;C:\repository\com\ebay\ebox\infrastructure\EboxSystem\4.5.1.451\EboxSystem-4.5.1.451.jar;C:\repository\com\ebay\configweb\ConfigWebResources\1.1.2\ConfigWebResources-1.1.2.jar;C:\repository\com\ebay\kernel\KernelBatch\2.0.451\KernelBatch-2.0.451.jar;C:\repository\javax\jms\jms\1.1\jms-1.1.jar;C:\repository\org\springframework\spring-jms\3.1.1.RELEASE\spring-jms-3.1.1.RELEASE.jar;C:\repository\com\paypal\infra\thirdparty\ojdbc6\11.2.0.2.0\ojdbc6-11.2.0.2.0.jar;C:\repository\com\paypal\infra\thirdparty\oracle-ons\10.2.0.3\oracle-ons-10.2.0.3.jar;C:\repository\com\paypal\infra\thirdparty\oracle-ucp\11.2.0.2.0\oracle-ucp-11.2.0.2.0.jar;C:\repository\javolution\javolution\5.5.1\javolution-5.5.1.jar;C:\repository\org\slf4j\slf4j-log4j12\1.5.8\slf4j-log4j12-1.5.8.jar;C:\repository\com\paypal\yam\yam-jms\1.1\yam-jms-1.1.jar;C:\repository\org\apache\activemq\activemq-core\5.2.0\activemq-core-5.2.0.jar;C:\repository\org\apache\geronimo\specs\geronimo-jms_1.1_spec\1.1.1\geronimo-jms_1.1_spec-1.1.1.jar;C:\repository\org\apache\activemq\activeio-core\3.1.0\activeio-core-3.1.0.jar;C:\repository\org\apache\geronimo\specs\geronimo-j2ee-management_1.1_spec\1.0.1\geronimo-j2ee-management_1.1_spec-1.0.1.jar;C:\repository\commons-pool\commons-pool\1.3\commons-pool-1.3.jar;C:\repository\commons-vfs\commons-vfs\1.0\commons-vfs-1.0.jar;C:\repository\net\sf\oval\oval\1.40\oval-1.40.jar;C:\repository\com\paypal\foundation\util\foundation-utils\5.0.0\foundation-utils-5.0.0.jar;C:\repository\com\paypal\foundation\foundation-protected-package\5.0.0\foundation-protected-package-5.0.0.jar;C:\repository\com\paypal\risk\idi\common-vo\1.43\common-vo-1.43.jar;C:\repository\com\paypal\risk\idi\idi-event\1.43\idi-event-1.43.jar;C:\repository\com\paypal\risk\idi\workflow-engine\1.43\workflow-engine-1.43.jar;C:\repository\commons-cli\commons-cli\1.1\commons-cli-1.1.jar;C:\repository\commons-jexl\commons-jexl\1.1\commons-jexl-1.1.jar;C:\repository\commons-dbcp\commons-dbcp\1.2.2\commons-dbcp-1.2.2.jar;C:\repository\mysql\mysql-connector-java\5.0.7\mysql-connector-java-5.0.7.jar;C:\repository\com\thoughtworks\xstream\xstream\1.3.1\xstream-1.3.1.jar;C:\repository\xpp3\xpp3_min\1.1.4c\xpp3_min-1.1.4c.jar;C:\repository\org\codehaus\groovy\groovy\1.7.4\groovy-1.7.4.jar;C:\repository\antlr\antlr\2.7.6\antlr-2.7.6.jar;C:\repository\asm\asm\1.5.3\asm-1.5.3.jar;C:\repository\asm\asm-commons\3.2\asm-commons-3.2.jar;C:\repository\asm\asm-tree\3.2\asm-tree-3.2.jar;C:\repository\asm\asm-util\3.2\asm-util-3.2.jar;C:\repository\asm\asm-analysis\3.2\asm-analysis-3.2.jar;C:\repository\com\paypal\foundation\service\service-core\5.0.0\service-core-5.0.0.jar;C:\repository\com\paypal\infra\tools\infra-confignormalizer\1.0\infra-confignormalizer-1.0.jar;C:\repository\com\ebay\soa\SOAServer\2.10.0.450\SOAServer-2.10.0.450.jar;C:\repository\com\ebay\soa\SOAClient\2.10.1.450\SOAClient-2.10.1.450.jar;C:\repository\com\ebay\utils\EsamsAPI\1.0.3.450\EsamsAPI-1.0.3.450.jar;C:\repository\com\ebay\external\BouncyCastle\bcmail-jdk15-138\1.38\bcmail-jdk15-138-1.38.jar;C:\repository\com\ebay\external\BouncyCastle\bcprov-jdk15-138\1.38\bcprov-jdk15-138-1.38.jar;C:\repository\com\ebay\external\BouncyCastle\bcpg-jdk15-138\1.38\bcpg-jdk15-138-1.38.jar;C:\repository\com\ebay\external\BouncyCastle\bctsp-jdk15-138\1.38\bctsp-jdk15-138-1.38.jar;C:\repository\com\ebay\external\BouncyCastle\BouncyCastleLicense.txt\1.38\BouncyCastleLicense.txt-1.38.jar;C:\repository\com\ebay\external\apache-xmlsec\1.3.0\apache-xmlsec-1.3.0.jar;C:\repository\com\ebay\soa\BindingFwk\2.10.0.450\BindingFwk-2.10.0.450.jar;C:\repository\com\ebay\external\jaxb2\jaxb-api\2.1.070125.1\jaxb-api-2.1.070125.1.jar;C:\repository\com\ebay\external\jwsdp-shared\namespace\1.2.1\namespace-1.2.1.jar;C:\repository\com\ebay\external\jwsdp-shared\relaxngDatatype\1.2.1\relaxngDatatype-1.2.1.jar;C:\repository\com\ebay\external\jwsdp-shared\xsdlib\1.2.1\xsdlib-1.2.1.jar;C:\repository\com\ebay\external\jaxb2\jaxb-impl\2.1.070125.1\jaxb-impl-2.1.070125.1.jar;C:\repository\com\ebay\external\jaxb2\jaxb-xjc\2.1.070125.1\jaxb-xjc-2.1.070125.1.jar;C:\repository\com\ebay\external\jaxb2\jsr173_1.0_api\2.1.070125.1\jsr173_1.0_api-2.1.070125.1.jar;C:\repository\com\ebay\external\jaxb2\jaxb1-impl\2.1.070125.1\jaxb1-impl-2.1.070125.1.jar;C:\repository\com\ebay\external\wstx\woodstox-core-asl-4.0.5\4.0.5\woodstox-core-asl-4.0.5-4.0.5.jar;C:\repository\com\ebay\external\wstx\stax2-api-3.0.1\4.0.5\stax2-api-3.0.1-4.0.5.jar;C:\repository\com\ebay\external\sun-fastinfoset\1.2.1\sun-fastinfoset-1.2.1.jar;C:\repository\com\ebay\external\axis2\annogen\1.4.1\annogen-1.4.1.jar;C:\repository\com\ebay\external\commons-logging\1.0.4.1\commons-logging-1.0.4.1.jar;C:\repository\com\ebay\external\axis2\axiom-api\1.4.1\axiom-api-1.4.1.jar;C:\repository\com\ebay\external\axis2\axiom-dom\1.4.1\axiom-dom-1.4.1.jar;C:\repository\com\ebay\external\axis2\axiom-impl\1.4.1\axiom-impl-1.4.1.jar;C:\repository\com\ebay\external\axis2\axis2-adb\1.4.1\axis2-adb-1.4.1.jar;C:\repository\com\ebay\external\axis2\axis2-codegen\1.4.1\axis2-codegen-1.4.1.jar;C:\repository\com\ebay\external\axis2\axis2-java2wsdl\1.4.1\axis2-java2wsdl-1.4.1.jar;C:\repository\com\ebay\external\axis2\axis2-jaxbri\1.4.1\axis2-jaxbri-1.4.1.jar;C:\repository\com\ebay\external\axis2\axis2-kernel\1.4.1\axis2-kernel-1.4.1.jar;C:\repository\com\ebay\external\axis2\backport-util-concurrent\1.4.1\backport-util-concurrent-1.4.1.jar;C:\repository\com\ebay\external\axis2\neethi\1.4.1\neethi-1.4.1.jar;C:\repository\com\ebay\external\axis2\wsdl4j\1.4.1\wsdl4j-1.4.1.jar;C:\repository\com\ebay\external\axis2\XmlSchema\1.4.1\XmlSchema-1.4.1.jar;C:\repository\com\ebay\soa\SOACommon\2.8.1.450\SOACommon-2.8.1.450.jar;C:\repository\com\ebay\soa\typelib\SOACommonTypeLibrary\2.8.0.450\SOACommonTypeLibrary-2.8.0.450.jar;C:\repository\com\ebay\external\jaxws-api\2.1.1\jaxws-api-2.1.1.jar;C:\repository\com\ebay\external\protocol-buffers\2.4.0\protocol-buffers-2.4.0.jar;C:\repository\com\ebay\utils\InfrastructureRoutingRegistryServiceV1\1.0.0\InfrastructureRoutingRegistryServiceV1-1.0.0.jar;C:\repository\com\ebay\utils\InfrastructureRoutingRegistryServiceV1Impl\1.0.0\InfrastructureRoutingRegistryServiceV1Impl-1.0.0.jar;C:\repository\com\ebay\utils\InfrastructureRoutingRegistryServiceV1Consumer\1.0.0\InfrastructureRoutingRegistryServiceV1Consumer-1.0.0.jar;C:\repository\com\ebay\utils\SoaRegistryDal\1.0.0\SoaRegistryDal-1.0.0.jar;C:\repository\org\mortbay\jetty\jetty\6.1.19\jetty-6.1.19.jar;C:\repository\org\mortbay\jetty\jetty-util\6.1.19\jetty-util-6.1.19.jar;C:\repository\org\mortbay\jetty\servlet-api\2.5-20081211\servlet-api-2.5-20081211.jar;C:\repository\com\paypal\foundation\foundation-security\5.0.0\foundation-security-5.0.0.jar;C:\repository\commons-logging\commons-logging-api\1.1\commons-logging-api-1.1.jar;C:\repository\org\apache\camel\camel-core\1.5.0\camel-core-1.5.0.jar;C:\repository\backport-util-concurrent\backport-util-concurrent\2.1\backport-util-concurrent-2.1.jar;C:\repository\org\apache\geronimo\specs\geronimo-j2ee-management_1.0_spec\1.0\geronimo-j2ee-management_1.0_spec-1.0.jar;C:\repository\com\paypal\risk\idi\decisionfw-api\1.43\decisionfw-api-1.43.jar;C:\repository\com\paypal\risk\idi\edge-framework\1.43\edge-framework-1.43.jar;C:\repository\com\paypal\risk\idi\bom-api\1.43\bom-api-1.43.jar;C:\repository\net\sf\json-lib\json-lib\2.2.3\json-lib-2.2.3.jar;C:\repository\net\sf\ezmorph\ezmorph\1.0.6\ezmorph-1.0.6.jar;C:\repository\com\paypal\risk\idi\fetcher\fetcher-enriched-data\1.43\fetcher-enriched-data-1.43.jar;C:\repository\com\paypal\risk\idi\utils\ars-utils\1.43\ars-utils-1.43.jar;C:\repository\com\paypal\risk\idi\utils\phone-parser\1.43\phone-parser-1.43.jar;C:\repository\com\paypal\risk\idi\utils\address-parser\1.43\address-parser-1.43.jar;C:\repository\com\paypal\risk\idi\fetcher\fetcher-vo\1.43\fetcher-vo-1.43.jar;C:\repository\com\paypal\risk\idi\rollup-fmk-api\1.43\rollup-fmk-api-1.43.jar;C:\repository\com\paypal\risk\idi\bom-impl\1.43\bom-impl-1.43.jar;C:\repository\com\paypal\risk\idi\utils\ars-bom-utils\1.43\ars-bom-utils-1.43.jar;C:\repository\com\paypal\risk\idi\utils\ars-monitoring\1.43\ars-monitoring-1.43.jar;C:\repository\net\sf\json-lib\json-lib\2.2.3\json-lib-2.2.3-jdk15.jar;C:\repository\org\hibernate\hibernate-core\3.3.2.GA\hibernate-core-3.3.2.GA.jar;C:\repository\org\hibernate\hibernate-annotations\3.4.0.GA\hibernate-annotations-3.4.0.GA.jar;C:\repository\org\hibernate\ejb3-persistence\1.0.2.GA\ejb3-persistence-1.0.2.GA.jar;C:\repository\org\hibernate\hibernate-commons-annotations\3.3.0.ga\hibernate-commons-annotations-3.3.0.ga.jar;C:\repository\org\hibernate\hibernate\3.2.1.ga\hibernate-3.2.1.ga.jar;C:\repository\net\sf\ehcache\ehcache\1.2.3\ehcache-1.2.3.jar;C:\repository\asm\asm-attrs\1.5.3\asm-attrs-1.5.3.jar;C:\repository\cglib\cglib\2.1_3\cglib-2.1_3.jar;C:\repository\org\hibernate\hibernate-entitymanager\3.4.0.GA\hibernate-entitymanager-3.4.0.GA.jar;C:\repository\javassist\javassist\3.4.GA\javassist-3.4.GA.jar;C:\repository\org\apache\axis2\axis2\1.5.1\axis2-1.5.1.jar;C:\repository\org\apache\ws\commons\axiom\axiom-api\1.2.8\axiom-api-1.2.8.jar;C:\repository\org\apache\geronimo\specs\geronimo-activation_1.1_spec\1.0.1\geronimo-activation_1.1_spec-1.0.1.jar;C:\repository\org\apache\geronimo\specs\geronimo-javamail_1.4_spec\1.2\geronimo-javamail_1.4_spec-1.2.jar;C:\repository\jaxen\jaxen\1.1.1\jaxen-1.1.1.jar;C:\repository\org\apache\ws\commons\axiom\axiom-impl\1.2.8\axiom-impl-1.2.8.jar;C:\repository\org\codehaus\woodstox\wstx-asl\3.2.4\wstx-asl-3.2.4.jar;C:\repository\org\apache\axis2\axis2-transport-http\1.5\axis2-transport-http-1.5.jar;C:\repository\org\apache\axis2\axis2-kernel\1.5\axis2-kernel-1.5.jar;C:\repository\org\apache\ws\commons\axiom\axiom-dom\1.2.8\axiom-dom-1.2.8.jar;C:\repository\org\apache\geronimo\specs\geronimo-ws-metadata_2.0_spec\1.1.2\geronimo-ws-metadata_2.0_spec-1.1.2.jar;C:\repository\commons-httpclient\commons-httpclient\3.1\commons-httpclient-3.1.jar;C:\repository\commons-fileupload\commons-fileupload\1.2\commons-fileupload-1.2.jar;C:\repository\org\apache\ws\commons\schema\XmlSchema\1.4.3\XmlSchema-1.4.3.jar;C:\repository\org\apache\neethi\neethi\2.0.4\neethi-2.0.4.jar;C:\repository\org\apache\woden\woden-api\1.0M8\woden-api-1.0M8.jar;C:\repository\org\apache\ant\ant\1.7.0\ant-1.7.0.jar;C:\repository\org\apache\ant\ant-launcher\1.7.0\ant-launcher-1.7.0.jar;C:\repository\xerces\xmlParserAPIs\2.6.0\xmlParserAPIs-2.6.0.jar;C:\repository\org\apache\woden\woden-impl-dom\1.0M8\woden-impl-dom-1.0M8.jar;C:\repository\org\apache\axis2\axis2-transport-local\1.5\axis2-transport-local-1.5.jar;"/>
    <property name="java.specification.name" value="Java Platform API Specification"/>
    <property name="java.class.version" value="50.0"/>
    <property name="sun.management.compiler" value="HotSpot Client Compiler"/>
    <property name="os.version" value="6.1"/>
    <property name="user.home" value="C:\Users\yingding"/>
    <property name="user.timezone" value="Asia/Shanghai"/>
    <property name="java.awt.printerjob" value="sun.awt.windows.WPrinterJob"/>
    <property name="java.specification.version" value="1.6"/>
    <property name="file.encoding" value="GBK"/>
    <property name="user.name" value="yingding"/>
    <property name="java.class.path" value="C:\Users\yingding\git\MintPPHTests\target\test-classes;C:\Users\yingding\git\MintPPHTests\target\classes;C:\repository\com\paypal\test\bluefin\Bluefin-GUI\0.4.0\Bluefin-GUI-0.4.0.jar;C:\repository\com\paypal\test\bluefin\Bluefin-Core\0.4.0\Bluefin-Core-0.4.0.jar;C:\repository\com\paypal\test\Jaws\1.1.0\Jaws-1.1.0.jar;C:\repository\com\paypal\test\JawsVOXValueObjects\1.1\JawsVOXValueObjects-1.1.jar;C:\repository\xerces\xercesImpl\2.9.1\xercesImpl-2.9.1.jar;C:\repository\xml-apis\xml-apis\1.3.04\xml-apis-1.3.04.jar;C:\repository\org\apache\velocity\velocity\1.6.3\velocity-1.6.3.jar;C:\repository\commons-collections\commons-collections\3.2.1\commons-collections-3.2.1.jar;C:\repository\commons-lang\commons-lang\2.5\commons-lang-2.5.jar;C:\repository\com\paypal\infra\thirdparty\ojdbc5\11.2.0.2.0\ojdbc5-11.2.0.2.0.jar;C:\repository\commons-configuration\commons-configuration\1.6\commons-configuration-1.6.jar;C:\repository\commons-logging\commons-logging\1.1.1\commons-logging-1.1.1.jar;C:\repository\commons-digester\commons-digester\1.8\commons-digester-1.8.jar;C:\repository\commons-beanutils\commons-beanutils\1.8.3\commons-beanutils-1.8.3.jar;C:\repository\commons-beanutils\commons-beanutils-core\1.8.0\commons-beanutils-core-1.8.0.jar;C:\repository\commons-io\commons-io\2.0\commons-io-2.0.jar;C:\repository\org\apache\httpcomponents\httpclient\4.1.2\httpclient-4.1.2.jar;C:\repository\org\apache\httpcomponents\httpcore\4.1.4\httpcore-4.1.4.jar;C:\repository\commons-codec\commons-codec\1.6\commons-codec-1.6.jar;C:\repository\com\paypal\sdk\paypal_stubs\4.3.63\paypal_stubs-4.3.63.jar;C:\repository\javax\activation\activation\1.1\activation-1.1.jar;C:\repository\axis\axis\1.4\axis-1.4.jar;C:\repository\org\apache\axis\axis-jaxrpc\1.4\axis-jaxrpc-1.4.jar;C:\repository\org\apache\axis\axis-saaj\1.4\axis-saaj-1.4.jar;C:\repository\axis\axis-wsdl4j\1.5.1\axis-wsdl4j-1.5.1.jar;C:\repository\commons-discovery\commons-discovery\0.2\commons-discovery-0.2.jar;C:\repository\org\apache\axis\axis-ant\1.4\axis-ant-1.4.jar;C:\repository\axis\axis-schema\1.3\axis-schema-1.3.jar;C:\repository\javax\xml\jaxrpc-api\1.1\jaxrpc-api-1.1.jar;C:\repository\log4j\log4j\1.2.16\log4j-1.2.16.jar;C:\repository\javax\mail\mail\1.4\mail-1.4.jar;C:\repository\javax\xml\soap\saaj-api\1.3\saaj-api-1.3.jar;C:\repository\wsdl4j\wsdl4j\1.6.2\wsdl4j-1.6.2.jar;C:\repository\xstream\xstream\1.1.3\xstream-1.1.3.jar;C:\repository\com\paypal\sdk\paypal_base\4.3.63\paypal_base-4.3.63.jar;C:\repository\org\supercsv\supercsv\1.52\supercsv-1.52.jar;C:\repository\net\schmizz\sshj\0.6.0\sshj-0.6.0.jar;C:\repository\org\slf4j\slf4j-api\1.6.1\slf4j-api-1.6.1.jar;C:\repository\org\bouncycastle\bcprov-jdk15\1.46\bcprov-jdk15-1.46.jar;C:\repository\org\slf4j\slf4j-jdk14\1.6.1\slf4j-jdk14-1.6.1.jar;C:\repository\org\json\json\20090211\json-20090211.jar;C:\repository\com\paypal\test\qi\web-services-GenesisWeb\1.0\web-services-GenesisWeb-1.0.jar;C:\repository\com\paypal\test\qi\web-services-CalSearch\1.0\web-services-CalSearch-1.0.jar;C:\repository\com\paypal\test\qi\web-services-EZTracker\1.0\web-services-EZTracker-1.0.jar;C:\repository\oro\oro\2.0.8\oro-2.0.8.jar;C:\repository\org\testng\testng\6.8\testng-6.8.jar;C:\repository\junit\junit\4.10\junit-4.10.jar;C:\repository\org\beanshell\bsh\2.0b4\bsh-2.0b4.jar;C:\repository\com\beust\jcommander\1.27\jcommander-1.27.jar;C:\repository\org\yaml\snakeyaml\1.8\snakeyaml-1.8.jar;C:\repository\org\apache\poi\ooxml-schemas\1.0\ooxml-schemas-1.0.jar;C:\repository\org\apache\poi\poi-ooxml\3.6\poi-ooxml-3.6.jar;C:\repository\org\apache\poi\poi\3.6\poi-3.6.jar;C:\repository\org\apache\poi\poi-ooxml-schemas\3.6\poi-ooxml-schemas-3.6.jar;C:\repository\org\apache\xmlbeans\xmlbeans\2.3.0\xmlbeans-2.3.0.jar;C:\repository\stax\stax-api\1.0.1\stax-api-1.0.1.jar;C:\repository\org\apache\geronimo\specs\geronimo-stax-api_1.0_spec\1.0.1\geronimo-stax-api_1.0_spec-1.0.1.jar;C:\repository\dom4j\dom4j\1.6.1\dom4j-1.6.1.jar;C:\repository\javax\persistence\persistence-api\1.0\persistence-api-1.0.jar;C:\repository\org\seleniumhq\selenium\selenium-server\2.21.0\selenium-server-2.21.0.jar;C:\repository\org\bouncycastle\bcprov-jdk15on\1.47\bcprov-jdk15on-1.47.jar;C:\repository\mx4j\mx4j-tools\3.0.1\mx4j-tools-3.0.1.jar;C:\repository\org\mortbay\jetty\servlet-api-2.5\6.1.9\servlet-api-2.5-6.1.9.jar;C:\repository\org\seleniumhq\selenium\jetty-repacked\7.6.1\jetty-repacked-7.6.1.jar;C:\repository\net\jcip\jcip-annotations\1.0\jcip-annotations-1.0.jar;C:\repository\org\seleniumhq\selenium\selenium-java\2.21.0\selenium-java-2.21.0.jar;C:\repository\org\seleniumhq\selenium\selenium-android-driver\2.21.0\selenium-android-driver-2.21.0.jar;C:\repository\org\seleniumhq\selenium\selenium-remote-driver\2.21.0\selenium-remote-driver-2.21.0.jar;C:\repository\cglib\cglib-nodep\2.1_3\cglib-nodep-2.1_3.jar;C:\repository\org\seleniumhq\selenium\selenium-api\2.21.0\selenium-api-2.21.0.jar;C:\repository\com\google\guava\guava\11.0.1\guava-11.0.1.jar;C:\repository\com\google\code\findbugs\jsr305\1.3.9\jsr305-1.3.9.jar;C:\repository\org\apache\commons\commons-exec\1.1\commons-exec-1.1.jar;C:\repository\net\java\dev\jna\jna\3.4.0\jna-3.4.0.jar;C:\repository\net\java\dev\jna\platform\3.4.0\platform-3.4.0.jar;C:\repository\org\seleniumhq\selenium\selenium-chrome-driver\2.21.0\selenium-chrome-driver-2.21.0.jar;C:\repository\org\seleniumhq\selenium\selenium-htmlunit-driver\2.21.0\selenium-htmlunit-driver-2.21.0.jar;C:\repository\net\sourceforge\htmlunit\htmlunit\2.9\htmlunit-2.9.jar;C:\repository\xalan\xalan\2.7.0\xalan-2.7.0.jar;C:\repository\org\apache\httpcomponents\httpmime\4.1.2\httpmime-4.1.2.jar;C:\repository\net\sourceforge\htmlunit\htmlunit-core-js\2.9\htmlunit-core-js-2.9.jar;C:\repository\net\sourceforge\nekohtml\nekohtml\1.9.15\nekohtml-1.9.15.jar;C:\repository\net\sourceforge\cssparser\cssparser\0.9.5\cssparser-0.9.5.jar;C:\repository\org\w3c\css\sac\1.3\sac-1.3.jar;C:\repository\org\seleniumhq\selenium\selenium-firefox-driver\2.21.0\selenium-firefox-driver-2.21.0.jar;C:\repository\org\seleniumhq\selenium\selenium-ie-driver\2.21.0\selenium-ie-driver-2.21.0.jar;C:\repository\org\seleniumhq\selenium\selenium-iphone-driver\2.21.0\selenium-iphone-driver-2.21.0.jar;C:\repository\org\seleniumhq\selenium\selenium-safari-driver\2.21.0\selenium-safari-driver-2.21.0.jar;C:\repository\org\webbitserver\webbit\0.4.6\webbit-0.4.6.jar;C:\repository\org\jboss\netty\netty\3.2.7.Final\netty-3.2.7.Final.jar;C:\repository\org\seleniumhq\selenium\selenium-support\2.21.0\selenium-support-2.21.0.jar;C:\repository\org\mortbay\jetty\jetty-runner\7.4.4.v20110707\jetty-runner-7.4.4.v20110707.jar;C:\repository\org\eclipse\jetty\jetty-webapp\7.4.4.v20110707\jetty-webapp-7.4.4.v20110707.jar;C:\repository\org\eclipse\jetty\jetty-xml\7.4.4.v20110707\jetty-xml-7.4.4.v20110707.jar;C:\repository\org\eclipse\jetty\jetty-util\7.4.4.v20110707\jetty-util-7.4.4.v20110707.jar;C:\repository\org\eclipse\jetty\jetty-servlet\7.4.4.v20110707\jetty-servlet-7.4.4.v20110707.jar;C:\repository\org\eclipse\jetty\jetty-security\7.4.4.v20110707\jetty-security-7.4.4.v20110707.jar;C:\repository\org\eclipse\jetty\jetty-server\7.4.4.v20110707\jetty-server-7.4.4.v20110707.jar;C:\repository\javax\servlet\servlet-api\2.3\servlet-api-2.3.jar;C:\repository\org\eclipse\jetty\jetty-continuation\7.4.4.v20110707\jetty-continuation-7.4.4.v20110707.jar;C:\repository\org\eclipse\jetty\jetty-http\7.4.4.v20110707\jetty-http-7.4.4.v20110707.jar;C:\repository\org\eclipse\jetty\jetty-io\7.4.4.v20110707\jetty-io-7.4.4.v20110707.jar;C:\repository\org\eclipse\jetty\jetty-plus\7.4.4.v20110707\jetty-plus-7.4.4.v20110707.jar;C:\repository\org\apache\geronimo\specs\geronimo-jta_1.1_spec\1.1\geronimo-jta_1.1_spec-1.1.jar;C:\repository\org\eclipse\jetty\jetty-jndi\7.4.4.v20110707\jetty-jndi-7.4.4.v20110707.jar;C:\repository\org\mortbay\jetty\jsp-2.1-glassfish\2.1.v20100127\jsp-2.1-glassfish-2.1.v20100127.jar;C:\repository\org\eclipse\jdt\core\compiler\ecj\3.5.1\ecj-3.5.1.jar;C:\repository\org\mortbay\jetty\jsp-api-2.1-glassfish\2.1.v20100127\jsp-api-2.1-glassfish-2.1.v20100127.jar;C:\repository\ant\ant\1.6.5\ant-1.6.5.jar;C:\repository\javax\transaction\jta\1.1\jta-1.1.jar;C:\repository\com\paypal\test\platypus\Platypus\0.0.2-SNAPSHOT\Platypus-0.0.2-SNAPSHOT.jar;C:\repository\org\jsoup\jsoup\1.6.1\jsoup-1.6.1.jar;C:\repository\com\sun\xml\ws\webservices-rt\2.0\webservices-rt-2.0.jar;C:\repository\javax\xml\webservices-api\2.0\webservices-api-2.0.jar;C:\repository\org\springframework\spring-core\3.0.5.RELEASE\spring-core-3.0.5.RELEASE.jar;C:\repository\org\springframework\spring-asm\3.0.5.RELEASE\spring-asm-3.0.5.RELEASE.jar;C:\repository\org\springframework\spring-expression\3.0.5.RELEASE\spring-expression-3.0.5.RELEASE.jar;C:\repository\org\springframework\spring-beans\3.0.5.RELEASE\spring-beans-3.0.5.RELEASE.jar;C:\repository\org\springframework\spring-aop\3.0.5.RELEASE\spring-aop-3.0.5.RELEASE.jar;C:\repository\aopalliance\aopalliance\1.0\aopalliance-1.0.jar;C:\repository\org\springframework\spring-context\3.0.5.RELEASE\spring-context-3.0.5.RELEASE.jar;C:\repository\org\springframework\spring-context-support\3.0.5.RELEASE\spring-context-support-3.0.5.RELEASE.jar;C:\repository\org\springframework\spring-tx\3.0.5.RELEASE\spring-tx-3.0.5.RELEASE.jar;C:\repository\org\springframework\spring-jdbc\3.0.5.RELEASE\spring-jdbc-3.0.5.RELEASE.jar;C:\repository\org\springframework\spring-orm\3.0.5.RELEASE\spring-orm-3.0.5.RELEASE.jar;C:\repository\org\springframework\spring-oxm\3.0.5.RELEASE\spring-oxm-3.0.5.RELEASE.jar;C:\repository\org\springframework\spring-web\3.0.5.RELEASE\spring-web-3.0.5.RELEASE.jar;C:\repository\org\springframework\spring-webmvc\3.0.5.RELEASE\spring-webmvc-3.0.5.RELEASE.jar;C:\repository\org\springframework\spring-webmvc-portlet\3.0.5.RELEASE\spring-webmvc-portlet-3.0.5.RELEASE.jar;C:\repository\org\hamcrest\hamcrest-core\1.1\hamcrest-core-1.1.jar;C:\repository\com\jcraft\jsch\0.1.44-1\jsch-0.1.44-1.jar;C:\repository\org\jdom\jdom\1.1\jdom-1.1.jar;C:\repository\org\apache\activemq\activemq-all\5.5.0\activemq-all-5.5.0.jar;C:\repository\com\paypal\risk\idi\idi-common\1.43\idi-common-1.43.jar;C:\repository\com\ebay\kernel\KernelDAL\1.63.2.1.451\KernelDAL-1.63.2.1.451.jar;C:\repository\com\ebay\kernel\uKernelCore\2.0.451\uKernelCore-2.0.451.jar;C:\repository\com\ebay\kernel\uKernel\2.0.451.451\uKernel-2.0.451.451.jar;C:\repository\com\ebay\utils\socket-interceptor\1.0.3\socket-interceptor-1.0.3.jar;C:\repository\com\ebay\external\ahc\1.0-e8\ahc-1.0-e8.jar;C:\repository\com\ebay\external\mina\mina-core-1.1.7\1.1.7\mina-core-1.1.7-1.1.7.jar;C:\repository\com\ebay\external\mina\mina-filter-ssl-1.1.7\1.1.7\mina-filter-ssl-1.1.7-1.1.7.jar;C:\repository\com\ebay\external\commons-codec\1.3\commons-codec-1.3.jar;C:\repository\com\ebay\external\mail\geronimo-activation_1.1_spec-1.0\1.4\geronimo-activation_1.1_spec-1.0-1.4.jar;C:\repository\com\ebay\external\mail\geronimo-javamail_1.4_mail-1.2\1.4\geronimo-javamail_1.4_mail-1.2-1.4.jar;C:\repository\com\ebay\external\mail\geronimo-activation-2.0.1\1.4\geronimo-activation-2.0.1-1.4.jar;C:\repository\com\ebay\external\servlet-api\2.4\servlet-api-2.4.jar;C:\repository\com\ebay\external\jsp-api\2.0\jsp-api-2.0.jar;C:\repository\com\ebay\external\ucirrus-db\0.5.4.451\ucirrus-db-0.5.4.451.jar;C:\repository\com\ebay\external\jdom\b9\jdom-b9.jar;C:\repository\com\ebay\external\xml\2.7.1\xml-2.7.1.jar;C:\repository\com\ebay\external\jpa\1.0\jpa-1.0.jar;C:\repository\hsqldb\hsqldb\1.7.3.3\hsqldb-1.7.3.3.jar;C:\repository\com\paypal\foundation\foundation-core\5.0.0\foundation-core-5.0.0.jar;C:\repository\com\paypal\infra\infra\12.2.1\infra-12.2.1.jar;C:\repository\com\paypal\infra\infra-core\12.2.0\infra-core-12.2.0.jar;C:\repository\uk\com\robust-it\cloning\1.7.4\cloning-1.7.4.jar;C:\repository\org\objenesis\objenesis\1.2\objenesis-1.2.jar;C:\repository\com\paypal\appsecurity\infra-protected-pkg\1.3.8\infra-protected-pkg-1.3.8.jar;C:\repository\com\paypal\appsecurity\infra-crypto\1.3\infra-crypto-1.3.jar;C:\repository\com\paypal\appsecurity\infra-jsse\1.3.1\infra-jsse-1.3.1.jar;C:\repository\com\ebay\ebox\infrastructure\EboxBatchFwk\4.5.1.451\EboxBatchFwk-4.5.1.451.jar;C:\repository\com\ebay\ebox\infrastructure\EboxSystem\4.5.1.451\EboxSystem-4.5.1.451.jar;C:\repository\com\ebay\configweb\ConfigWebResources\1.1.2\ConfigWebResources-1.1.2.jar;C:\repository\com\ebay\kernel\KernelBatch\2.0.451\KernelBatch-2.0.451.jar;C:\repository\javax\jms\jms\1.1\jms-1.1.jar;C:\repository\org\springframework\spring-jms\3.1.1.RELEASE\spring-jms-3.1.1.RELEASE.jar;C:\repository\com\paypal\infra\thirdparty\ojdbc6\11.2.0.2.0\ojdbc6-11.2.0.2.0.jar;C:\repository\com\paypal\infra\thirdparty\oracle-ons\10.2.0.3\oracle-ons-10.2.0.3.jar;C:\repository\com\paypal\infra\thirdparty\oracle-ucp\11.2.0.2.0\oracle-ucp-11.2.0.2.0.jar;C:\repository\javolution\javolution\5.5.1\javolution-5.5.1.jar;C:\repository\org\slf4j\slf4j-log4j12\1.5.8\slf4j-log4j12-1.5.8.jar;C:\repository\com\paypal\yam\yam-jms\1.1\yam-jms-1.1.jar;C:\repository\org\apache\activemq\activemq-core\5.2.0\activemq-core-5.2.0.jar;C:\repository\org\apache\geronimo\specs\geronimo-jms_1.1_spec\1.1.1\geronimo-jms_1.1_spec-1.1.1.jar;C:\repository\org\apache\activemq\activeio-core\3.1.0\activeio-core-3.1.0.jar;C:\repository\org\apache\geronimo\specs\geronimo-j2ee-management_1.1_spec\1.0.1\geronimo-j2ee-management_1.1_spec-1.0.1.jar;C:\repository\commons-pool\commons-pool\1.3\commons-pool-1.3.jar;C:\repository\commons-vfs\commons-vfs\1.0\commons-vfs-1.0.jar;C:\repository\net\sf\oval\oval\1.40\oval-1.40.jar;C:\repository\com\paypal\foundation\util\foundation-utils\5.0.0\foundation-utils-5.0.0.jar;C:\repository\com\paypal\foundation\foundation-protected-package\5.0.0\foundation-protected-package-5.0.0.jar;C:\repository\com\paypal\risk\idi\common-vo\1.43\common-vo-1.43.jar;C:\repository\com\paypal\risk\idi\idi-event\1.43\idi-event-1.43.jar;C:\repository\com\paypal\risk\idi\workflow-engine\1.43\workflow-engine-1.43.jar;C:\repository\commons-cli\commons-cli\1.1\commons-cli-1.1.jar;C:\repository\commons-jexl\commons-jexl\1.1\commons-jexl-1.1.jar;C:\repository\commons-dbcp\commons-dbcp\1.2.2\commons-dbcp-1.2.2.jar;C:\repository\mysql\mysql-connector-java\5.0.7\mysql-connector-java-5.0.7.jar;C:\repository\com\thoughtworks\xstream\xstream\1.3.1\xstream-1.3.1.jar;C:\repository\xpp3\xpp3_min\1.1.4c\xpp3_min-1.1.4c.jar;C:\repository\org\codehaus\groovy\groovy\1.7.4\groovy-1.7.4.jar;C:\repository\antlr\antlr\2.7.6\antlr-2.7.6.jar;C:\repository\asm\asm\1.5.3\asm-1.5.3.jar;C:\repository\asm\asm-commons\3.2\asm-commons-3.2.jar;C:\repository\asm\asm-tree\3.2\asm-tree-3.2.jar;C:\repository\asm\asm-util\3.2\asm-util-3.2.jar;C:\repository\asm\asm-analysis\3.2\asm-analysis-3.2.jar;C:\repository\com\paypal\foundation\service\service-core\5.0.0\service-core-5.0.0.jar;C:\repository\com\paypal\infra\tools\infra-confignormalizer\1.0\infra-confignormalizer-1.0.jar;C:\repository\com\ebay\soa\SOAServer\2.10.0.450\SOAServer-2.10.0.450.jar;C:\repository\com\ebay\soa\SOAClient\2.10.1.450\SOAClient-2.10.1.450.jar;C:\repository\com\ebay\utils\EsamsAPI\1.0.3.450\EsamsAPI-1.0.3.450.jar;C:\repository\com\ebay\external\BouncyCastle\bcmail-jdk15-138\1.38\bcmail-jdk15-138-1.38.jar;C:\repository\com\ebay\external\BouncyCastle\bcprov-jdk15-138\1.38\bcprov-jdk15-138-1.38.jar;C:\repository\com\ebay\external\BouncyCastle\bcpg-jdk15-138\1.38\bcpg-jdk15-138-1.38.jar;C:\repository\com\ebay\external\BouncyCastle\bctsp-jdk15-138\1.38\bctsp-jdk15-138-1.38.jar;C:\repository\com\ebay\external\BouncyCastle\BouncyCastleLicense.txt\1.38\BouncyCastleLicense.txt-1.38.jar;C:\repository\com\ebay\external\apache-xmlsec\1.3.0\apache-xmlsec-1.3.0.jar;C:\repository\com\ebay\soa\BindingFwk\2.10.0.450\BindingFwk-2.10.0.450.jar;C:\repository\com\ebay\external\jaxb2\jaxb-api\2.1.070125.1\jaxb-api-2.1.070125.1.jar;C:\repository\com\ebay\external\jwsdp-shared\namespace\1.2.1\namespace-1.2.1.jar;C:\repository\com\ebay\external\jwsdp-shared\relaxngDatatype\1.2.1\relaxngDatatype-1.2.1.jar;C:\repository\com\ebay\external\jwsdp-shared\xsdlib\1.2.1\xsdlib-1.2.1.jar;C:\repository\com\ebay\external\jaxb2\jaxb-impl\2.1.070125.1\jaxb-impl-2.1.070125.1.jar;C:\repository\com\ebay\external\jaxb2\jaxb-xjc\2.1.070125.1\jaxb-xjc-2.1.070125.1.jar;C:\repository\com\ebay\external\jaxb2\jsr173_1.0_api\2.1.070125.1\jsr173_1.0_api-2.1.070125.1.jar;C:\repository\com\ebay\external\jaxb2\jaxb1-impl\2.1.070125.1\jaxb1-impl-2.1.070125.1.jar;C:\repository\com\ebay\external\wstx\woodstox-core-asl-4.0.5\4.0.5\woodstox-core-asl-4.0.5-4.0.5.jar;C:\repository\com\ebay\external\wstx\stax2-api-3.0.1\4.0.5\stax2-api-3.0.1-4.0.5.jar;C:\repository\com\ebay\external\sun-fastinfoset\1.2.1\sun-fastinfoset-1.2.1.jar;C:\repository\com\ebay\external\axis2\annogen\1.4.1\annogen-1.4.1.jar;C:\repository\com\ebay\external\commons-logging\1.0.4.1\commons-logging-1.0.4.1.jar;C:\repository\com\ebay\external\axis2\axiom-api\1.4.1\axiom-api-1.4.1.jar;C:\repository\com\ebay\external\axis2\axiom-dom\1.4.1\axiom-dom-1.4.1.jar;C:\repository\com\ebay\external\axis2\axiom-impl\1.4.1\axiom-impl-1.4.1.jar;C:\repository\com\ebay\external\axis2\axis2-adb\1.4.1\axis2-adb-1.4.1.jar;C:\repository\com\ebay\external\axis2\axis2-codegen\1.4.1\axis2-codegen-1.4.1.jar;C:\repository\com\ebay\external\axis2\axis2-java2wsdl\1.4.1\axis2-java2wsdl-1.4.1.jar;C:\repository\com\ebay\external\axis2\axis2-jaxbri\1.4.1\axis2-jaxbri-1.4.1.jar;C:\repository\com\ebay\external\axis2\axis2-kernel\1.4.1\axis2-kernel-1.4.1.jar;C:\repository\com\ebay\external\axis2\backport-util-concurrent\1.4.1\backport-util-concurrent-1.4.1.jar;C:\repository\com\ebay\external\axis2\neethi\1.4.1\neethi-1.4.1.jar;C:\repository\com\ebay\external\axis2\wsdl4j\1.4.1\wsdl4j-1.4.1.jar;C:\repository\com\ebay\external\axis2\XmlSchema\1.4.1\XmlSchema-1.4.1.jar;C:\repository\com\ebay\soa\SOACommon\2.8.1.450\SOACommon-2.8.1.450.jar;C:\repository\com\ebay\soa\typelib\SOACommonTypeLibrary\2.8.0.450\SOACommonTypeLibrary-2.8.0.450.jar;C:\repository\com\ebay\external\jaxws-api\2.1.1\jaxws-api-2.1.1.jar;C:\repository\com\ebay\external\protocol-buffers\2.4.0\protocol-buffers-2.4.0.jar;C:\repository\com\ebay\utils\InfrastructureRoutingRegistryServiceV1\1.0.0\InfrastructureRoutingRegistryServiceV1-1.0.0.jar;C:\repository\com\ebay\utils\InfrastructureRoutingRegistryServiceV1Impl\1.0.0\InfrastructureRoutingRegistryServiceV1Impl-1.0.0.jar;C:\repository\com\ebay\utils\InfrastructureRoutingRegistryServiceV1Consumer\1.0.0\InfrastructureRoutingRegistryServiceV1Consumer-1.0.0.jar;C:\repository\com\ebay\utils\SoaRegistryDal\1.0.0\SoaRegistryDal-1.0.0.jar;C:\repository\org\mortbay\jetty\jetty\6.1.19\jetty-6.1.19.jar;C:\repository\org\mortbay\jetty\jetty-util\6.1.19\jetty-util-6.1.19.jar;C:\repository\org\mortbay\jetty\servlet-api\2.5-20081211\servlet-api-2.5-20081211.jar;C:\repository\com\paypal\foundation\foundation-security\5.0.0\foundation-security-5.0.0.jar;C:\repository\commons-logging\commons-logging-api\1.1\commons-logging-api-1.1.jar;C:\repository\org\apache\camel\camel-core\1.5.0\camel-core-1.5.0.jar;C:\repository\backport-util-concurrent\backport-util-concurrent\2.1\backport-util-concurrent-2.1.jar;C:\repository\org\apache\geronimo\specs\geronimo-j2ee-management_1.0_spec\1.0\geronimo-j2ee-management_1.0_spec-1.0.jar;C:\repository\com\paypal\risk\idi\decisionfw-api\1.43\decisionfw-api-1.43.jar;C:\repository\com\paypal\risk\idi\edge-framework\1.43\edge-framework-1.43.jar;C:\repository\com\paypal\risk\idi\bom-api\1.43\bom-api-1.43.jar;C:\repository\net\sf\json-lib\json-lib\2.2.3\json-lib-2.2.3.jar;C:\repository\net\sf\ezmorph\ezmorph\1.0.6\ezmorph-1.0.6.jar;C:\repository\com\paypal\risk\idi\fetcher\fetcher-enriched-data\1.43\fetcher-enriched-data-1.43.jar;C:\repository\com\paypal\risk\idi\utils\ars-utils\1.43\ars-utils-1.43.jar;C:\repository\com\paypal\risk\idi\utils\phone-parser\1.43\phone-parser-1.43.jar;C:\repository\com\paypal\risk\idi\utils\address-parser\1.43\address-parser-1.43.jar;C:\repository\com\paypal\risk\idi\fetcher\fetcher-vo\1.43\fetcher-vo-1.43.jar;C:\repository\com\paypal\risk\idi\rollup-fmk-api\1.43\rollup-fmk-api-1.43.jar;C:\repository\com\paypal\risk\idi\bom-impl\1.43\bom-impl-1.43.jar;C:\repository\com\paypal\risk\idi\utils\ars-bom-utils\1.43\ars-bom-utils-1.43.jar;C:\repository\com\paypal\risk\idi\utils\ars-monitoring\1.43\ars-monitoring-1.43.jar;C:\repository\net\sf\json-lib\json-lib\2.2.3\json-lib-2.2.3-jdk15.jar;C:\repository\org\hibernate\hibernate-core\3.3.2.GA\hibernate-core-3.3.2.GA.jar;C:\repository\org\hibernate\hibernate-annotations\3.4.0.GA\hibernate-annotations-3.4.0.GA.jar;C:\repository\org\hibernate\ejb3-persistence\1.0.2.GA\ejb3-persistence-1.0.2.GA.jar;C:\repository\org\hibernate\hibernate-commons-annotations\3.3.0.ga\hibernate-commons-annotations-3.3.0.ga.jar;C:\repository\org\hibernate\hibernate\3.2.1.ga\hibernate-3.2.1.ga.jar;C:\repository\net\sf\ehcache\ehcache\1.2.3\ehcache-1.2.3.jar;C:\repository\asm\asm-attrs\1.5.3\asm-attrs-1.5.3.jar;C:\repository\cglib\cglib\2.1_3\cglib-2.1_3.jar;C:\repository\org\hibernate\hibernate-entitymanager\3.4.0.GA\hibernate-entitymanager-3.4.0.GA.jar;C:\repository\javassist\javassist\3.4.GA\javassist-3.4.GA.jar;C:\repository\org\apache\axis2\axis2\1.5.1\axis2-1.5.1.jar;C:\repository\org\apache\ws\commons\axiom\axiom-api\1.2.8\axiom-api-1.2.8.jar;C:\repository\org\apache\geronimo\specs\geronimo-activation_1.1_spec\1.0.1\geronimo-activation_1.1_spec-1.0.1.jar;C:\repository\org\apache\geronimo\specs\geronimo-javamail_1.4_spec\1.2\geronimo-javamail_1.4_spec-1.2.jar;C:\repository\jaxen\jaxen\1.1.1\jaxen-1.1.1.jar;C:\repository\org\apache\ws\commons\axiom\axiom-impl\1.2.8\axiom-impl-1.2.8.jar;C:\repository\org\codehaus\woodstox\wstx-asl\3.2.4\wstx-asl-3.2.4.jar;C:\repository\org\apache\axis2\axis2-transport-http\1.5\axis2-transport-http-1.5.jar;C:\repository\org\apache\axis2\axis2-kernel\1.5\axis2-kernel-1.5.jar;C:\repository\org\apache\ws\commons\axiom\axiom-dom\1.2.8\axiom-dom-1.2.8.jar;C:\repository\org\apache\geronimo\specs\geronimo-ws-metadata_2.0_spec\1.1.2\geronimo-ws-metadata_2.0_spec-1.1.2.jar;C:\repository\commons-httpclient\commons-httpclient\3.1\commons-httpclient-3.1.jar;C:\repository\commons-fileupload\commons-fileupload\1.2\commons-fileupload-1.2.jar;C:\repository\org\apache\ws\commons\schema\XmlSchema\1.4.3\XmlSchema-1.4.3.jar;C:\repository\org\apache\neethi\neethi\2.0.4\neethi-2.0.4.jar;C:\repository\org\apache\woden\woden-api\1.0M8\woden-api-1.0M8.jar;C:\repository\org\apache\ant\ant\1.7.0\ant-1.7.0.jar;C:\repository\org\apache\ant\ant-launcher\1.7.0\ant-launcher-1.7.0.jar;C:\repository\xerces\xmlParserAPIs\2.6.0\xmlParserAPIs-2.6.0.jar;C:\repository\org\apache\woden\woden-impl-dom\1.0M8\woden-impl-dom-1.0M8.jar;C:\repository\org\apache\axis2\axis2-transport-local\1.5\axis2-transport-local-1.5.jar;"/>
    <property name="java.vm.specification.version" value="1.0"/>
    <property name="sun.arch.data.model" value="32"/>
    <property name="java.home" value="C:\Bluefin_StartUp_Kit\jdk1.6.0_21\jre"/>
    <property name="java.specification.vendor" value="Sun Microsystems Inc."/>
    <property name="user.language" value="zh"/>
    <property name="awt.toolkit" value="sun.awt.windows.WToolkit"/>
    <property name="java.vm.info" value="mixed mode"/>
    <property name="java.version" value="1.6.0_21"/>
    <property name="java.ext.dirs" value="C:\Bluefin_StartUp_Kit\jdk1.6.0_21\jre\lib\ext;C:\WINDOWS\Sun\Java\lib\ext"/>
    <property name="sun.boot.class.path" value="C:\Bluefin_StartUp_Kit\jdk1.6.0_21\jre\lib\resources.jar;C:\Bluefin_StartUp_Kit\jdk1.6.0_21\jre\lib\rt.jar;C:\Bluefin_StartUp_Kit\jdk1.6.0_21\jre\lib\sunrsasign.jar;C:\Bluefin_StartUp_Kit\jdk1.6.0_21\jre\lib\jsse.jar;C:\Bluefin_StartUp_Kit\jdk1.6.0_21\jre\lib\jce.jar;C:\Bluefin_StartUp_Kit\jdk1.6.0_21\jre\lib\charsets.jar;C:\Bluefin_StartUp_Kit\jdk1.6.0_21\jre\classes"/>
    <property name="java.vendor" value="Sun Microsystems Inc."/>
    <property name="localRepository" value="C:/repository"/>
    <property name="file.separator" value="\"/>
    <property name="java.vendor.url.bug" value="http://java.sun.com/cgi-bin/bugreport.cgi"/>
    <property name="sun.cpu.endian" value="little"/>
    <property name="sun.io.unicode.encoding" value="UnicodeLittle"/>
    <property name="sun.desktop" value="windows"/>
    <property name="sun.cpu.isalist" value="pentium_pro+mmx pentium_pro pentium+mmx pentium i486 i386 i86"/>
  </properties>
  <testcase time="80.148" classname="com.paypal.test.riskmint.pph.service.InvoiceDataAccessingTest" name="invoiceDataAccessTest"/>
  <testcase time="412.538" classname="com.paypal.test.riskmint.pph.service.ProductFlagDataAccessingTest" name="invoiceDataAccessTest">
    <failure message="" type="java.lang.AssertionError">java.lang.AssertionError: 
	at org.testng.AssertJUnit.fail(AssertJUnit.java:59)
	at org.testng.AssertJUnit.assertTrue(AssertJUnit.java:24)
	at org.testng.AssertJUnit.assertTrue(AssertJUnit.java:33)
	at com.paypal.test.riskmint.pph.service.ProductFlagDataAccessingTest.invoiceDataAccessTest(ProductFlagDataAccessingTest.java:41)
</failure>
    <system-out>account number is : 1200701238997783449
transaction id is : 10726497
Stage name is: STAGE2P2400
</system-out>
  </testcase>
</testsuite>