<?xml version="1.0" encoding="UTF-8"?>
<!-- Generated by org.testng.reporters.JUnitReportReporter -->
<testsuite hostname="D-SHC-00436690" name="com.paypal.test.riskmint.pph.service.InvoiceDataAccessingTest" tests="1" failures="0" timestamp="7 Dec 2012 02:15:40 GMT" time="466.003" errors="0">
  <testcase name="invoiceDataAccessTest" time="466.003" classname="com.paypal.test.riskmint.pph.service.InvoiceDataAccessingTest"/>
</testsuite> <!-- com.paypal.test.riskmint.pph.service.InvoiceDataAccessingTest -->
