<?xml version="1.0" encoding="UTF-8"?>
<!-- Generated by org.testng.reporters.JUnitReportReporter -->
<testsuite hostname="D-SHC-00436690" name="com.paypal.test.simpletools.ServLogTester" tests="1" failures="0" timestamp="19 Dec 2012 05:45:39 GMT" time="28.347" errors="0">
  <testcase name="getServLogTest" time="28.347" classname="com.paypal.test.simpletools.ServLogTester"/>
</testsuite> <!-- com.paypal.test.simpletools.ServLogTester -->
