<?xml version="1.0" encoding="UTF-8"?>
<!-- Generated by org.testng.reporters.JUnitReportReporter -->
<testsuite hostname="D-SHC-00436690" name="com.paypal.test.riskmint.pph.rqa.PPHBaseRegressionTest" tests="5" failures="0" timestamp="7 May 2013 08:27:42 GMT" time="1286.070" errors="0">
  <testcase name="track2TxnTest" time="240.450" classname="com.paypal.test.riskmint.pph.rqa.PPHBaseRegressionTest"/>
  <testcase name="track12TxnTest" time="235.720" classname="com.paypal.test.riskmint.pph.rqa.PPHBaseRegressionTest"/>
  <testcase name="chipTxnTest" time="314.172" classname="com.paypal.test.riskmint.pph.rqa.PPHBaseRegressionTest"/>
  <testcase name="keyTxnTest" time="241.513" classname="com.paypal.test.riskmint.pph.rqa.PPHBaseRegressionTest"/>
  <testcase name="track1TxnTest" time="254.215" classname="com.paypal.test.riskmint.pph.rqa.PPHBaseRegressionTest"/>
</testsuite> <!-- com.paypal.test.riskmint.pph.rqa.PPHBaseRegressionTest -->
