<?xml version="1.0" encoding="UTF-8"?>
<!-- Generated by org.testng.reporters.JUnitReportReporter -->
<testsuite hostname="D-SHC-00436690" name="com.paypal.test.riskmint.tyche.service.InvoiceDataAccessingTest" tests="1" failures="0" timestamp="26 Oct 2012 08:36:42 GMT" time="152.957" errors="0">
  <testcase name="invoiceDataAccessTest" time="152.957" classname="com.paypal.test.riskmint.tyche.service.InvoiceDataAccessingTest"/>
</testsuite> <!-- com.paypal.test.riskmint.tyche.service.InvoiceDataAccessingTest -->
