<?xml version="1.0" encoding="UTF-8"?>
<!-- Generated by org.testng.reporters.JUnitReportReporter -->
<testsuite hostname="D-SHC-00436690" name="com.paypal.test.riskmint.pph.service.DBAccessTest" tests="1" failures="0" timestamp="5 Dec 2012 06:53:43 GMT" time="8.547" errors="0">
  <testcase name="invoiceDataAccessTest" time="8.547" classname="com.paypal.test.riskmint.pph.service.DBAccessTest"/>
</testsuite> <!-- com.paypal.test.riskmint.pph.service.DBAccessTest -->
