<?xml version="1.0" encoding="UTF-8"?>
<!-- Generated by org.testng.reporters.JUnitReportReporter -->
<testsuite hostname="D-SHC-00436690" name="com.paypal.test.easymock.EasyMockTest" tests="1" failures="0" timestamp="23 Nov 2012 02:49:23 GMT" time="0.044" errors="0">
  <testcase name="testdoMethod" time="0.044" classname="com.paypal.test.easymock.EasyMockTest"/>
</testsuite> <!-- com.paypal.test.easymock.EasyMockTest -->
