<?xml version="1.0" encoding="UTF-8"?>
<!-- Generated by org.testng.reporters.JUnitReportReporter -->
<testsuite hostname="D-SHC-00436690" name="com.paypal.test.riskmint.pph.invoice.InvoiceDataAccessingTest" tests="2" failures="0" timestamp="31 Jan 2013 08:54:34 GMT" time="1.634" errors="0">
  <testcase name="invoiceDataAccessTest" time="0.972" classname="com.paypal.test.riskmint.pph.invoice.InvoiceDataAccessingTest"/>
  <testcase name="invoicedataRQATest" time="0.662" classname="com.paypal.test.riskmint.pph.invoice.InvoiceDataAccessingTest"/>
</testsuite> <!-- com.paypal.test.riskmint.pph.invoice.InvoiceDataAccessingTest -->
