<?xml version="1.0" encoding="UTF-8"?>
<!-- Generated by org.testng.reporters.JUnitReportReporter -->
<testsuite hostname="D-SHC-00436690" name="com.paypal.test.riskmint.pph.invoice.ProductFlagDataAccessingTest" tests="1" failures="0" timestamp="26 Dec 2012 03:51:56 GMT" time="425.184" errors="0">
  <testcase name="invoiceDataAccessTest" time="425.184" classname="com.paypal.test.riskmint.pph.invoice.ProductFlagDataAccessingTest"/>
</testsuite> <!-- com.paypal.test.riskmint.pph.invoice.ProductFlagDataAccessingTest -->
