<?xml version="1.0" encoding="UTF-8"?>
<!-- Generated by org.testng.reporters.JUnitReportReporter -->
<testsuite hostname="D-SHC-00436690" name="com.paypal.test.riskmint.tyche.service.MyTest" tests="1" failures="0" timestamp="24 Oct 2012 07:55:53 GMT" time="0.012" errors="0">
  <testcase name="test" time="0.012" classname="com.paypal.test.riskmint.tyche.service.MyTest"/>
</testsuite> <!-- com.paypal.test.riskmint.tyche.service.MyTest -->
