<?xml version="1.0" encoding="UTF-8"?>
<!-- Generated by org.testng.reporters.JUnitReportReporter -->
<testsuite hostname="D-SHC-00436690" name="com.paypal.test.riskmint.pph.service.ProductFlagDataAccessingTest" tests="1" failures="0" timestamp="6 Dec 2012 09:51:45 GMT" time="25.216" errors="0">
  <testcase name="invoiceDataAccessTest" time="25.216" classname="com.paypal.test.riskmint.pph.service.ProductFlagDataAccessingTest"/>
</testsuite> <!-- com.paypal.test.riskmint.pph.service.ProductFlagDataAccessingTest -->
