<?xml version="1.0" encoding="UTF-8"?>
<!-- Generated by org.testng.reporters.JUnitReportReporter -->
<testsuite hostname="D-SHC-00436690" name="com.paypal.test.riskmint.pph.service.InvoiceDataAccessingTest" tests="1" failures="0" timestamp="15 Nov 2012 07:39:33 GMT" time="80.144" errors="0">
  <testcase name="invoiceDataAccessTest" time="80.144" classname="com.paypal.test.riskmint.pph.service.InvoiceDataAccessingTest"/>
</testsuite> <!-- com.paypal.test.riskmint.pph.service.InvoiceDataAccessingTest -->
